Copyright 1986-2018 Xilinx, Inc. All Rights Reserved.
-------------------------------------------------------------------------------------------------------------------
| Tool Version : Vivado v.2018.3 (win64) Build 2405991 Thu Dec  6 23:38:27 MST 2018
| Date         : Mon Mar  4 16:02:51 2024
| Host         : DESKTOP-I9U844P running 64-bit major release  (build 9200)
| Command      : report_utilization -file lvds_rx_data_utilization_synth.rpt -pb lvds_rx_data_utilization_synth.pb
| Design       : lvds_rx_data
| Device       : xczu4evsfvc784-2
| Design State : Synthesized
-------------------------------------------------------------------------------------------------------------------

Utilization Design Information

Table of Contents
-----------------
1. CLB Logic
1.1 Summary of Registers by Type
2. BLOCKRAM
3. ARITHMETIC
4. I/O
5. CLOCK
6. ADVANCED
7. CONFIGURATION
8. Primitives
9. Black Boxes
10. Instantiated Netlists

1. CLB Logic
------------

+----------------------------+------+-------+-----------+-------+
|          Site Type         | Used | Fixed | Available | Util% |
+----------------------------+------+-------+-----------+-------+
| CLB LUTs*                  |   76 |     0 |     87840 |  0.09 |
|   LUT as Logic             |   60 |     0 |     87840 |  0.07 |
|   LUT as Memory            |   16 |     0 |     57600 |  0.03 |
|     LUT as Distributed RAM |    0 |     0 |           |       |
|     LUT as Shift Register  |   16 |     0 |           |       |
| CLB Registers              |  102 |     0 |    175680 |  0.06 |
|   Register as Flip Flop    |  102 |     0 |    175680 |  0.06 |
|   Register as Latch        |    0 |     0 |    175680 |  0.00 |
| CARRY8                     |    2 |     0 |     14640 |  0.01 |
| F7 Muxes                   |    0 |     0 |     58560 |  0.00 |
| F8 Muxes                   |    0 |     0 |     29280 |  0.00 |
| F9 Muxes                   |    0 |     0 |     14640 |  0.00 |
+----------------------------+------+-------+-----------+-------+
* Warning! The Final LUT count, after physical optimizations and full implementation, is typically lower. Run opt_design after synthesis, if not already completed, for a more realistic count.


1.1 Summary of Registers by Type
--------------------------------

+-------+--------------+-------------+--------------+
| Total | Clock Enable | Synchronous | Asynchronous |
+-------+--------------+-------------+--------------+
| 0     |            _ |           - |            - |
| 0     |            _ |           - |          Set |
| 0     |            _ |           - |        Reset |
| 0     |            _ |         Set |            - |
| 0     |            _ |       Reset |            - |
| 0     |          Yes |           - |            - |
| 0     |          Yes |           - |          Set |
| 50    |          Yes |           - |        Reset |
| 0     |          Yes |         Set |            - |
| 52    |          Yes |       Reset |            - |
+-------+--------------+-------------+--------------+


2. BLOCKRAM
-----------

+----------------+------+-------+-----------+-------+
|    Site Type   | Used | Fixed | Available | Util% |
+----------------+------+-------+-----------+-------+
| Block RAM Tile |    0 |     0 |       128 |  0.00 |
|   RAMB36/FIFO* |    0 |     0 |       128 |  0.00 |
|   RAMB18       |    0 |     0 |       256 |  0.00 |
| URAM           |    0 |     0 |        48 |  0.00 |
+----------------+------+-------+-----------+-------+
* Note: Each Block RAM Tile only has one FIFO logic available and therefore can accommodate only one FIFO36E2 or one FIFO18E2. However, if a FIFO18E2 occupies a Block RAM Tile, that tile can still accommodate a RAMB18E2


3. ARITHMETIC
-------------

+-----------+------+-------+-----------+-------+
| Site Type | Used | Fixed | Available | Util% |
+-----------+------+-------+-----------+-------+
| DSPs      |    0 |     0 |       728 |  0.00 |
+-----------+------+-------+-----------+-------+


4. I/O
------

+------------+------+-------+-----------+-------+
|  Site Type | Used | Fixed | Available | Util% |
+------------+------+-------+-----------+-------+
| Bonded IOB |   26 |     0 |       252 | 10.32 |
+------------+------+-------+-----------+-------+


5. CLOCK
--------

+----------------------+------+-------+-----------+-------+
|       Site Type      | Used | Fixed | Available | Util% |
+----------------------+------+-------+-----------+-------+
| GLOBAL CLOCK BUFFERs |    2 |     0 |       352 |  0.57 |
|   BUFGCE             |    2 |     0 |       112 |  1.79 |
|   BUFGCE_DIV         |    0 |     0 |        16 |  0.00 |
|   BUFG_GT            |    0 |     0 |        96 |  0.00 |
|   BUFG_PS            |    0 |     0 |        96 |  0.00 |
|   BUFGCTRL*          |    0 |     0 |        32 |  0.00 |
| PLL                  |    0 |     0 |         8 |  0.00 |
| MMCM                 |    1 |     0 |         4 | 25.00 |
+----------------------+------+-------+-----------+-------+
* Note: Each used BUFGCTRL counts as two global buffer resources. This table does not include global clocking resources, only buffer cell usage. See the Clock Utilization Report (report_clock_utilization) for detailed accounting of global clocking resource availability.


6. ADVANCED
-----------

+-----------------+------+-------+-----------+-------+
|    Site Type    | Used | Fixed | Available | Util% |
+-----------------+------+-------+-----------+-------+
| GTHE4_CHANNEL   |    0 |     0 |         4 |  0.00 |
| GTHE4_COMMON    |    0 |     0 |         1 |  0.00 |
| OBUFDS_GTE4     |    0 |     0 |         2 |  0.00 |
| OBUFDS_GTE4_ADV |    0 |     0 |         2 |  0.00 |
| PCIE40E4        |    0 |     0 |         2 |  0.00 |
| PS8             |    0 |     0 |         1 |  0.00 |
| SYSMONE4        |    0 |     0 |         1 |  0.00 |
| VCU             |    0 |     0 |         1 |  0.00 |
+-----------------+------+-------+-----------+-------+


7. CONFIGURATION
----------------

+-------------+------+-------+-----------+-------+
|  Site Type  | Used | Fixed | Available | Util% |
+-------------+------+-------+-----------+-------+
| BSCANE2     |    0 |     0 |         4 |  0.00 |
| DNA_PORTE2  |    0 |     0 |         1 |  0.00 |
| EFUSE_USR   |    0 |     0 |         1 |  0.00 |
| FRAME_ECCE4 |    0 |     0 |         1 |  0.00 |
| ICAPE3      |    0 |     0 |         2 |  0.00 |
| MASTER_JTAG |    0 |     0 |         1 |  0.00 |
| STARTUPE3   |    0 |     0 |         1 |  0.00 |
+-------------+------+-------+-----------+-------+


8. Primitives
-------------

+------------+------+---------------------+
|  Ref Name  | Used | Functional Category |
+------------+------+---------------------+
| FDRE       |   52 |            Register |
| FDCE       |   50 |            Register |
| LUT6       |   29 |                 CLB |
| OBUF       |   20 |                 I/O |
| SRL16E     |   16 |                 CLB |
| LUT5       |   13 |                 CLB |
| LUT4       |   12 |                 CLB |
| LUT3       |   12 |                 CLB |
| LUT2       |    7 |                 CLB |
| INBUF      |    6 |                 I/O |
| IBUFCTRL   |    6 |              Others |
| LUT1       |    3 |                 CLB |
| CARRY8     |    2 |                 CLB |
| BUFGCE     |    2 |               Clock |
| MMCME4_ADV |    1 |               Clock |
+------------+------+---------------------+


9. Black Boxes
--------------

+----------+------+
| Ref Name | Used |
+----------+------+


10. Instantiated Netlists
-------------------------

+----------+------+
| Ref Name | Used |
+----------+------+


