# do {tb_lvds_rx_data_compile.do}
# ** Warning: (vlib-34) Library already exists at "modelsim_lib/work".
# ** Warning: (vlib-34) Library already exists at "modelsim_lib/msim".
# ** Warning: (vlib-34) Library already exists at "modelsim_lib/msim/xil_defaultlib".
# Model Technology ModelSim SE-64 vmap 10.6d Lib Mapping Utility 2018.02 Feb 24 2018
# vmap xil_defaultlib modelsim_lib/msim/xil_defaultlib 
# Modifying modelsim.ini
# ** Warning: (vlog-159) Mode option -64 is not supported in this context and will be ignored.
# Model Technology ModelSim SE-64 vlog 10.6d Compiler 2018.02 Feb 24 2018
# Start time: 16:03:02 on Mar 04,2024
# vlog -64 -incr -work xil_defaultlib "+incdir+../../../../lvds_rx.srcs/sources_1/ip/clk_wiz_0" ../../../../lvds_rx.srcs/sources_1/new/get_clk.v ../../../../lvds_rx.srcs/sources_1/new/lvds_rx_data.v ../../../../lvds_rx.srcs/sim_1/new/tb_lvds_rx_data.v 
# -- Compiling module get_clk
# -- Compiling module lvds_rx_data
# -- Compiling module tb_lvds_rx_data
# 
# Top level modules:
# 	tb_lvds_rx_data
# End time: 16:03:02 on Mar 04,2024, Elapsed time: 0:00:00
# Errors: 0, Warnings: 1
# Model Technology ModelSim SE-64 vlog 10.6d Compiler 2018.02 Feb 24 2018
# Start time: 16:03:02 on Mar 04,2024
# vlog -work xil_defaultlib glbl.v 
# -- Compiling module glbl
# 
# Top level modules:
# 	glbl
# End time: 16:03:02 on Mar 04,2024, Elapsed time: 0:00:00
# Errors: 0, Warnings: 0
